heap profile: 3: 2621584 [406: 6301781056] @ heap/1048576
1: 2531328 [1: 2531328] @ 0x476dd5 0x47703e 0x45531d 0x4552a8 0x455252 0x455252 0x45508a 0x4010e6 0x4291d4 0x453a01
1: 90112 [1: 90112] @ 0x4088cd 0x4077d9 0x4554ab 0x4552a8 0x455252 0x455252 0x455252 0x455252 0x455252 0x455252 0x45508a 0x4010e6 0x4291d4 0x453a01
1: 144 [1: 144] @ 0x43d981 0x43d84e 0x499c66 0x4789e7 0x47890f 0x4551f3 0x455252 0x455252 0x45508a 0x4010e6 0x4291d4 0x453a01
0: 0 [0: 0] @ 0x476dd5 0x47703e 0x45531d 0x4552a8 0x455252 0x45508a 0x4010e6 0x4291d4 0x453a01
0: 0 [1: 1474560] @ 0x476dd5 0x47703e 0x45531d 0x4552a8 0x455252 0x455252 0x45508a 0x4010e6 0x4291d4 0x453a01
0: 0 [1: 3670016] @ 0x476dd5 0x47703e 0x45531d 0x4552a8 0x455252 0x45508a 0x4010e6 0x4291d4 0x453a01
0: 0 [1: 26796032] @ 0x476dd5 0x47703e 0x45531d 0x4552a8 0x455252 0x45508a 0x4010e6 0x4291d4 0x453a01
0: 0 [1: 9216000] @ 0x476dd5 0x47703e 0x45531d 0x4552a8 0x455252 0x45508a 0x4010e6 0x4291d4 0x453a01
0: 0 [1: 8560640] @ 0x476dd5 0x47703e 0x45531d 0x4552a8 0x455252 0x45508a 0x4010e6 0x4291d4 0x453a01
0: 0 [1: 5627904] @ 0x476dd5 0x47703e 0x45531d 0x4552a8 0x455252 0x455252 0x45508a 0x4010e6 0x4291d4 0x453a01
0: 0 [1: 6160384] @ 0x476dd5 0x47703e 0x45531d 0x4552a8 0x455252 0x455252 0x45508a 0x4010e6 0x4291d4 0x453a01
0: 0 [1: 159490048] @ 0x476dd5 0x47703e 0x45531d 0x4552a8 0x455252 0x455252 0x45508a 0x4010e6 0x4291d4 0x453a01
0: 0 [1: 11706368] @ 0x476dd5 0x47703e 0x45531d 0x4552a8 0x455252 0x455252 0x45508a 0x4010e6 0x4291d4 0x453a01
0: 0 [1: 114712576] @ 0x476dd5 0x47703e 0x45531d 0x4552a8 0x455252 0x455252 0x45508a 0x4010e6 0x4291d4 0x453a01
0: 0 [1: 20258816] @ 0x476dd5 0x47703e 0x45531d 0x4552a8 0x455252 0x455252 0x45508a 0x4010e6 0x4291d4 0x453a01
0: 0 [1: 206987264] @ 0x476dd5 0x47703e 0x45531d 0x4552a8 0x455252 0x455252 0x45508a 0x4010e6 0x4291d4 0x453a01
0: 0 [1: 3923968] @ 0x476dd5 0x47703e 0x45531d 0x4552a8 0x455252 0x455252 0x45508a 0x4010e6 0x4291d4 0x453a01
0: 0 [1: 32653312] @ 0x476dd5 0x47703e 0x45531d 0x4552a8 0x455252 0x45508a 0x4010e6 0x4291d4 0x453a01
0: 0 [1: 4997120] @ 0x476dd5 0x47703e 0x45531d 0x4552a8 0x455252 0x45508a 0x4010e6 0x4291d4 0x453a01
0: 0 [1: 122880] @ 0x476dd5 0x47703e 0x45531d 0x4552a8 0x455252 0x455252 0x45508a 0x4010e6 0x4291d4 0x453a01
0: 0 [1: 1556480] @ 0x476dd5 0x47703e 0x45531d 0x4552a8 0x455252 0x45508a 0x4010e6 0x4291d4 0x453a01
0: 0 [1: 3465216] @ 0x476dd5 0x47703e 0x45531d 0x4552a8 0x455252 0x45508a 0x4010e6 0x4291d4 0x453a01
0: 0 [1: 5021696] @ 0x476dd5 0x47703e 0x45531d 0x4552a8 0x455252 0x45508a 0x4010e6 0x4291d4 0x453a01
0: 0 [1: 188416] @ 0x476dd5 0x47703e 0x45531d 0x4552a8 0x455252 0x455252 0x455252 0x455252 0x455252 0x455252 0x455252 0x45508a 0x4010e6 0x4291d4 0x453a01
0: 0 [1: 65536] @ 0x476dd5 0x47703e 0x45531d 0x4552a8 0x455252 0x455252 0x455252 0x455252 0x455252 0x455252 0x455252 0x455252 0x455252 0x45508a 0x4010e6 0x4291d4 0x453a01
0: 0 [1: 1155072] @ 0x476dd5 0x47703e 0x45531d 0x4552a8 0x455252 0x455252 0x455252 0x455252 0x455252 0x455252 0x455252 0x455252 0x45508a 0x4010e6 0x4291d4 0x453a01
0: 0 [1: 1056768] @ 0x476dd5 0x47703e 0x45531d 0x4552a8 0x455252 0x455252 0x455252 0x455252 0x455252 0x455252 0x455252 0x455252 0x45508a 0x4010e6 0x4291d4 0x453a01
0: 0 [1: 778240] @ 0x476dd5 0x47703e 0x45531d 0x4552a8 0x455252 0x455252 0x455252 0x455252 0x455252 0x455252 0x455252 0x45508a 0x4010e6 0x4291d4 0x453a01
0: 0 [1: 48] @ 0x462f75 0x46314e 0x46466c 0x46307e 0x47733c 0x45512a 0x455252 0x455252 0x455252 0x455252 0x455252 0x455252 0x455252 0x455252 0x455252 0x455252 0x45508a 0x4010e6 0x4291d4 0x453a01
0: 0 [1: 131072] @ 0x476dd5 0x47703e 0x45531d 0x4552a8 0x455252 0x455252 0x455252 0x455252 0x455252 0x455252 0x455252 0x455252 0x455252 0x45508a 0x4010e6 0x4291d4 0x453a01
0: 0 [1: 335872] @ 0x476dd5 0x47703e 0x45531d 0x4552a8 0x455252 0x455252 0x455252 0x455252 0x455252 0x455252 0x455252 0x455252 0x455252 0x45508a 0x4010e6 0x4291d4 0x453a01
0: 0 [2: 770048] @ 0x476dd5 0x47703e 0x45531d 0x4552a8 0x455252 0x455252 0x455252 0x455252 0x455252 0x455252 0x455252 0x455252 0x455252 0x45508a 0x4010e6 0x4291d4 0x453a01
0: 0 [2: 638976] @ 0x476dd5 0x47703e 0x45531d 0x4552a8 0x455252 0x455252 0x455252 0x455252 0x455252 0x455252 0x455252 0x455252 0x455252 0x45508a 0x4010e6 0x4291d4 0x453a01
0: 0 [1: 434176] @ 0x476dd5 0x47703e 0x45531d 0x4552a8 0x455252 0x455252 0x455252 0x455252 0x455252 0x455252 0x455252 0x455252 0x455252 0x45508a 0x4010e6 0x4291d4 0x453a01
0: 0 [1: 393216] @ 0x476dd5 0x47703e 0x45531d 0x4552a8 0x455252 0x455252 0x455252 0x455252 0x455252 0x455252 0x455252 0x455252 0x455252 0x45508a 0x4010e6 0x4291d4 0x453a01
0: 0 [1: 425984] @ 0x476dd5 0x47703e 0x45531d 0x4552a8 0x455252 0x455252 0x455252 0x455252 0x455252 0x455252 0x455252 0x455252 0x455252 0x45508a 0x4010e6 0x4291d4 0x453a01
0: 0 [1: 475136] @ 0x476dd5 0x47703e 0x45531d 0x4552a8 0x455252 0x455252 0x455252 0x455252 0x455252 0x455252 0x455252 0x455252 0x455252 0x45508a 0x4010e6 0x4291d4 0x453a01
0: 0 [1: 1417216] @ 0x476dd5 0x47703e 0x45531d 0x4552a8 0x455252 0x455252 0x455252 0x455252 0x455252 0x455252 0x455252 0x45508a 0x4010e6 0x4291d4 0x453a01
0: 0 [1: 57344] @ 0x476dd5 0x47703e 0x45531d 0x4552a8 0x455252 0x455252 0x455252 0x455252 0x455252 0x455252 0x455252 0x455252 0x455252 0x45508a 0x4010e6 0x4291d4 0x453a01
0: 0 [1: 360448] @ 0x476dd5 0x47703e 0x45531d 0x4552a8 0x455252 0x455252 0x455252 0x455252 0x455252 0x455252 0x455252 0x455252 0x455252 0x455252 0x45508a 0x4010e6 0x4291d4 0x453a01
0: 0 [1: 303104] @ 0x476dd5 0x47703e 0x45531d 0x4552a8 0x455252 0x455252 0x455252 0x455252 0x455252 0x455252 0x455252 0x455252 0x455252 0x455252 0x45508a 0x4010e6 0x4291d4 0x453a01
0: 0 [1: 294912] @ 0x476dd5 0x47703e 0x45531d 0x4552a8 0x455252 0x455252 0x455252 0x455252 0x455252 0x455252 0x455252 0x455252 0x455252 0x455252 0x45508a 0x4010e6 0x4291d4 0x453a01
0: 0 [1: 3268608] @ 0x476dd5 0x47703e 0x45531d 0x4552a8 0x455252 0x455252 0x455252 0x455252 0x455252 0x455252 0x455252 0x455252 0x455252 0x45508a 0x4010e6 0x4291d4 0x453a01
0: 0 [1: 1400832] @ 0x476dd5 0x47703e 0x45531d 0x4552a8 0x455252 0x455252 0x455252 0x455252 0x455252 0x455252 0x455252 0x455252 0x455252 0x45508a 0x4010e6 0x4291d4 0x453a01
0: 0 [1: 237568] @ 0x476dd5 0x47703e 0x45531d 0x4552a8 0x455252 0x455252 0x455252 0x455252 0x455252 0x455252 0x455252 0x455252 0x455252 0x455252 0x45508a 0x4010e6 0x4291d4 0x453a01
0: 0 [1: 245760] @ 0x476dd5 0x47703e 0x45531d 0x4552a8 0x455252 0x455252 0x455252 0x455252 0x455252 0x455252 0x455252 0x455252 0x455252 0x455252 0x45508a 0x4010e6 0x4291d4 0x453a01
0: 0 [2: 573440] @ 0x476dd5 0x47703e 0x45531d 0x4552a8 0x455252 0x455252 0x455252 0x455252 0x455252 0x455252 0x455252 0x455252 0x455252 0x455252 0x45508a 0x4010e6 0x4291d4 0x453a01
0: 0 [1: 3481600] @ 0x476dd5 0x47703e 0x45531d 0x4552a8 0x455252 0x455252 0x455252 0x455252 0x455252 0x455252 0x455252 0x455252 0x455252 0x45508a 0x4010e6 0x4291d4 0x453a01
0: 0 [1: 1474560] @ 0x476dd5 0x47703e 0x45531d 0x4552a8 0x455252 0x455252 0x455252 0x455252 0x455252 0x455252 0x455252 0x455252 0x455252 0x45508a 0x4010e6 0x4291d4 0x453a01
0: 0 [1: 2670592] @ 0x476dd5 0x47703e 0x45531d 0x4552a8 0x455252 0x455252 0x455252 0x455252 0x455252 0x455252 0x455252 0x45508a 0x4010e6 0x4291d4 0x453a01
0: 0 [2: 163840] @ 0x476dd5 0x47703e 0x45531d 0x4552a8 0x455252 0x455252 0x455252 0x455252 0x455252 0x455252 0x455252 0x455252 0x455252 0x455252 0x45508a 0x4010e6 0x4291d4 0x453a01
0: 0 [2: 147456] @ 0x476dd5 0x47703e 0x45531d 0x4552a8 0x455252 0x455252 0x455252 0x455252 0x455252 0x455252 0x455252 0x455252 0x455252 0x455252 0x45508a 0x4010e6 0x4291d4 0x453a01
0: 0 [2: 1294336] @ 0x476dd5 0x47703e 0x45531d 0x4552a8 0x455252 0x455252 0x455252 0x455252 0x455252 0x455252 0x455252 0x455252 0x455252 0x45508a 0x4010e6 0x4291d4 0x453a01
0: 0 [2: 1327104] @ 0x476dd5 0x47703e 0x45531d 0x4552a8 0x455252 0x455252 0x455252 0x455252 0x455252 0x455252 0x455252 0x455252 0x455252 0x45508a 0x4010e6 0x4291d4 0x453a01
0: 0 [1: 909312] @ 0x476dd5 0x47703e 0x45531d 0x4552a8 0x455252 0x455252 0x455252 0x455252 0x455252 0x455252 0x455252 0x45508a 0x4010e6 0x4291d4 0x453a01
0: 0 [3: 811008] @ 0x476dd5 0x47703e 0x45531d 0x4552a8 0x455252 0x455252 0x455252 0x455252 0x455252 0x455252 0x455252 0x455252 0x455252 0x45508a 0x4010e6 0x4291d4 0x453a01
0: 0 [1: 442368] @ 0x476dd5 0x47703e 0x45531d 0x4552a8 0x455252 0x455252 0x455252 0x455252 0x455252 0x455252 0x455252 0x455252 0x455252 0x45508a 0x4010e6 0x4291d4 0x453a01
0: 0 [1: 196608] @ 0x476dd5 0x47703e 0x45531d 0x4552a8 0x455252 0x455252 0x455252 0x455252 0x455252 0x455252 0x455252 0x45508a 0x4010e6 0x4291d4 0x453a01
0: 0 [1: 1664] @ 0x476dd5 0x47703e 0x45531d 0x4552a8 0x455252 0x455252 0x455252 0x455252 0x455252 0x455252 0x455252 0x455252 0x455252 0x455252 0x455252 0x45508a 0x4010e6 0x4291d4 0x453a01
0: 0 [2: 737280] @ 0x476dd5 0x47703e 0x45531d 0x4552a8 0x455252 0x455252 0x455252 0x455252 0x455252 0x455252 0x455252 0x455252 0x455252 0x45508a 0x4010e6 0x4291d4 0x453a01
0: 0 [1: 409600] @ 0x476dd5 0x47703e 0x45531d 0x4552a8 0x455252 0x455252 0x455252 0x455252 0x455252 0x455252 0x455252 0x455252 0x455252 0x45508a 0x4010e6 0x4291d4 0x453a01
0: 0 [1: 204800] @ 0x476dd5 0x47703e 0x45531d 0x4552a8 0x455252 0x455252 0x455252 0x455252 0x455252 0x455252 0x455252 0x45508a 0x4010e6 0x4291d4 0x453a01
0: 0 [1: 139264] @ 0x476dd5 0x47703e 0x45531d 0x4552a8 0x455252 0x455252 0x455252 0x455252 0x455252 0x455252 0x455252 0x455252 0x455252 0x45508a 0x4010e6 0x4291d4 0x453a01
0: 0 [1: 1664] @ 0x462c1b 0x46314e 0x46466c 0x46307e 0x47733c 0x45512a 0x455252 0x455252 0x455252 0x455252 0x455252 0x455252 0x455252 0x455252 0x455252 0x45508a 0x4010e6 0x4291d4 0x453a01
0: 0 [1: 278528] @ 0x476dd5 0x47703e 0x45531d 0x4552a8 0x455252 0x455252 0x455252 0x455252 0x455252 0x455252 0x455252 0x455252 0x455252 0x45508a 0x4010e6 0x4291d4 0x453a01
0: 0 [1: 843776] @ 0x476dd5 0x47703e 0x45531d 0x4552a8 0x455252 0x455252 0x455252 0x455252 0x455252 0x455252 0x455252 0x455252 0x455252 0x45508a 0x4010e6 0x4291d4 0x453a01
0: 0 [1: 516096] @ 0x476dd5 0x47703e 0x45531d 0x4552a8 0x455252 0x455252 0x455252 0x455252 0x455252 0x455252 0x455252 0x455252 0x455252 0x45508a 0x4010e6 0x4291d4 0x453a01
0: 0 [1: 532480] @ 0x476dd5 0x47703e 0x45531d 0x4552a8 0x455252 0x455252 0x455252 0x455252 0x455252 0x455252 0x455252 0x455252 0x45508a 0x4010e6 0x4291d4 0x453a01
0: 0 [1: 6807552] @ 0x476dd5 0x47703e 0x45531d 0x4552a8 0x455252 0x455252 0x455252 0x455252 0x455252 0x455252 0x455252 0x455252 0x455252 0x45508a 0x4010e6 0x4291d4 0x453a01
0: 0 [1: 4972544] @ 0x476dd5 0x47703e 0x45531d 0x4552a8 0x455252 0x455252 0x455252 0x455252 0x455252 0x455252 0x455252 0x455252 0x455252 0x45508a 0x4010e6 0x4291d4 0x453a01
0: 0 [1: 6365184] @ 0x476dd5 0x47703e 0x45531d 0x4552a8 0x455252 0x455252 0x455252 0x455252 0x455252 0x455252 0x455252 0x455252 0x455252 0x45508a 0x4010e6 0x4291d4 0x453a01
0: 0 [1: 4784128] @ 0x476dd5 0x47703e 0x45531d 0x4552a8 0x455252 0x455252 0x455252 0x455252 0x455252 0x455252 0x455252 0x455252 0x455252 0x45508a 0x4010e6 0x4291d4 0x453a01
0: 0 [1: 360448] @ 0x476dd5 0x47703e 0x45531d 0x4552a8 0x455252 0x455252 0x455252 0x455252 0x455252 0x455252 0x455252 0x455252 0x455252 0x45508a 0x4010e6 0x4291d4 0x453a01
0: 0 [2: 1163264] @ 0x476dd5 0x47703e 0x45531d 0x4552a8 0x455252 0x455252 0x455252 0x455252 0x455252 0x455252 0x455252 0x455252 0x455252 0x45508a 0x4010e6 0x4291d4 0x453a01
0: 0 [1: 4997120] @ 0x476dd5 0x47703e 0x45531d 0x4552a8 0x455252 0x455252 0x455252 0x455252 0x455252 0x455252 0x455252 0x45508a 0x4010e6 0x4291d4 0x453a01
0: 0 [1: 630784] @ 0x476dd5 0x47703e 0x45531d 0x4552a8 0x455252 0x455252 0x455252 0x455252 0x455252 0x455252 0x455252 0x455252 0x455252 0x45508a 0x4010e6 0x4291d4 0x453a01
0: 0 [1: 57344] @ 0x476dd5 0x47703e 0x45531d 0x4552a8 0x455252 0x455252 0x455252 0x455252 0x455252 0x455252 0x455252 0x45508a 0x4010e6 0x4291d4 0x453a01
0: 0 [1: 630784] @ 0x476dd5 0x47703e 0x45531d 0x4552a8 0x455252 0x455252 0x455252 0x455252 0x455252 0x455252 0x455252 0x45508a 0x4010e6 0x4291d4 0x453a01
0: 0 [1: 1664] @ 0x476dd5 0x47703e 0x45531d 0x4552a8 0x455252 0x455252 0x455252 0x455252 0x455252 0x455252 0x455252 0x455252 0x455252 0x45508a 0x4010e6 0x4291d4 0x453a01
0: 0 [1: 24576] @ 0x476dd5 0x47703e 0x45531d 0x4552a8 0x455252 0x455252 0x455252 0x455252 0x455252 0x455252 0x455252 0x455252 0x455252 0x45508a 0x4010e6 0x4291d4 0x453a01
0: 0 [1: 1146880] @ 0x476dd5 0x47703e 0x45531d 0x4552a8 0x455252 0x455252 0x45508a 0x4010e6 0x4291d4 0x453a01
0: 0 [2: 131072] @ 0x476dd5 0x47703e 0x45531d 0x4552a8 0x455252 0x455252 0x455252 0x455252 0x455252 0x455252 0x455252 0x45508a 0x4010e6 0x4291d4 0x453a01
0: 0 [1: 229376] @ 0x476dd5 0x47703e 0x45531d 0x4552a8 0x455252 0x455252 0x455252 0x455252 0x455252 0x455252 0x455252 0x45508a 0x4010e6 0x4291d4 0x453a01
0: 0 [1: 442368] @ 0x476dd5 0x47703e 0x45531d 0x4552a8 0x455252 0x455252 0x455252 0x455252 0x455252 0x455252 0x455252 0x45508a 0x4010e6 0x4291d4 0x453a01
0: 0 [1: 147456] @ 0x476dd5 0x47703e 0x45531d 0x4552a8 0x455252 0x455252 0x455252 0x455252 0x455252 0x455252 0x455252 0x45508a 0x4010e6 0x4291d4 0x453a01
0: 0 [1: 163840] @ 0x476dd5 0x47703e 0x45531d 0x4552a8 0x455252 0x455252 0x455252 0x455252 0x455252 0x455252 0x455252 0x45508a 0x4010e6 0x4291d4 0x453a01
0: 0 [1: 262144] @ 0x476dd5 0x47703e 0x45531d 0x4552a8 0x455252 0x455252 0x455252 0x455252 0x455252 0x455252 0x455252 0x45508a 0x4010e6 0x4291d4 0x453a01
0: 0 [2: 245760] @ 0x476dd5 0x47703e 0x45531d 0x4552a8 0x455252 0x455252 0x455252 0x455252 0x455252 0x455252 0x455252 0x45508a 0x4010e6 0x4291d4 0x453a01
0: 0 [4: 4227072] @ 0x476dd5 0x47703e 0x45531d 0x4552a8 0x455252 0x455252 0x455252 0x455252 0x455252 0x455252 0x455252 0x45508a 0x4010e6 0x4291d4 0x453a01
0: 0 [4: 12877824] @ 0x476dd5 0x47703e 0x45531d 0x4552a8 0x455252 0x455252 0x455252 0x455252 0x455252 0x455252 0x455252 0x45508a 0x4010e6 0x4291d4 0x453a01
0: 0 [1: 1613824] @ 0x476dd5 0x47703e 0x45531d 0x4552a8 0x455252 0x455252 0x455252 0x45508a 0x4010e6 0x4291d4 0x453a01
0: 0 [1: 106496] @ 0x476dd5 0x47703e 0x45531d 0x4552a8 0x455252 0x455252 0x455252 0x455252 0x455252 0x455252 0x45508a 0x4010e6 0x4291d4 0x453a01
0: 0 [1: 1343488] @ 0x476dd5 0x47703e 0x45531d 0x4552a8 0x455252 0x455252 0x455252 0x45508a 0x4010e6 0x4291d4 0x453a01
0: 0 [1: 245760] @ 0x476dd5 0x47703e 0x45531d 0x4552a8 0x455252 0x455252 0x455252 0x455252 0x455252 0x455252 0x45508a 0x4010e6 0x4291d4 0x453a01
0: 0 [1: 147456] @ 0x476dd5 0x47703e 0x45531d 0x4552a8 0x455252 0x455252 0x455252 0x455252 0x455252 0x455252 0x455252 0x455252 0x45508a 0x4010e6 0x4291d4 0x453a01
0: 0 [1: 176] @ 0x499a83 0x4789e7 0x47890f 0x4551f3 0x455252 0x455252 0x455252 0x455252 0x455252 0x455252 0x455252 0x455252 0x45508a 0x4010e6 0x4291d4 0x453a01
0: 0 [1: 122880] @ 0x476dd5 0x47703e 0x45531d 0x4552a8 0x455252 0x455252 0x455252 0x455252 0x455252 0x455252 0x455252 0x455252 0x45508a 0x4010e6 0x4291d4 0x453a01
0: 0 [1: 417792] @ 0x476dd5 0x47703e 0x45531d 0x4552a8 0x455252 0x455252 0x455252 0x455252 0x455252 0x455252 0x455252 0x455252 0x45508a 0x4010e6 0x4291d4 0x453a01
0: 0 [1: 409600] @ 0x476dd5 0x47703e 0x45531d 0x4552a8 0x455252 0x455252 0x455252 0x455252 0x455252 0x455252 0x455252 0x455252 0x45508a 0x4010e6 0x4291d4 0x453a01
0: 0 [1: 24576] @ 0x476dd5 0x47703e 0x45531d 0x4552a8 0x455252 0x455252 0x455252 0x455252 0x455252 0x455252 0x45508a 0x4010e6 0x4291d4 0x453a01
0: 0 [2: 416] @ 0x464451 0x464774 0x46307e 0x47733c 0x45512a 0x455252 0x455252 0x455252 0x455252 0x455252 0x455252 0x455252 0x45508a 0x4010e6 0x4291d4 0x453a01
0: 0 [1: 155648] @ 0x476dd5 0x47703e 0x45531d 0x4552a8 0x455252 0x455252 0x455252 0x455252 0x455252 0x455252 0x455252 0x455252 0x45508a 0x4010e6 0x4291d4 0x453a01
0: 0 [1: 98304] @ 0x476dd5 0x47703e 0x45531d 0x4552a8 0x455252 0x455252 0x455252 0x455252 0x455252 0x455252 0x455252 0x455252 0x45508a 0x4010e6 0x4291d4 0x453a01
0: 0 [3: 319488] @ 0x476dd5 0x47703e 0x45531d 0x4552a8 0x455252 0x455252 0x455252 0x455252 0x455252 0x455252 0x455252 0x45508a 0x4010e6 0x4291d4 0x453a01
0: 0 [1: 212992] @ 0x476dd5 0x47703e 0x45531d 0x4552a8 0x455252 0x455252 0x455252 0x455252 0x455252 0x455252 0x455252 0x45508a 0x4010e6 0x4291d4 0x453a01
0: 0 [1: 40960] @ 0x476dd5 0x47703e 0x45531d 0x4552a8 0x455252 0x455252 0x455252 0x455252 0x455252 0x455252 0x455252 0x45508a 0x4010e6 0x4291d4 0x453a01
0: 0 [1: 466944] @ 0x476dd5 0x47703e 0x45531d 0x4552a8 0x455252 0x455252 0x455252 0x455252 0x455252 0x455252 0x455252 0x45508a 0x4010e6 0x4291d4 0x453a01
0: 0 [2: 147456] @ 0x476dd5 0x47703e 0x45531d 0x4552a8 0x455252 0x455252 0x455252 0x455252 0x455252 0x455252 0x455252 0x45508a 0x4010e6 0x4291d4 0x453a01
0: 0 [1: 73728] @ 0x476dd5 0x47703e 0x45531d 0x4552a8 0x455252 0x455252 0x455252 0x455252 0x455252 0x455252 0x45508a 0x4010e6 0x4291d4 0x453a01
0: 0 [1: 208] @ 0x464451 0x464774 0x46307e 0x47733c 0x45512a 0x455252 0x455252 0x455252 0x455252 0x455252 0x455252 0x45508a 0x4010e6 0x4291d4 0x453a01
0: 0 [1: 10496] @ 0x476dd5 0x47703e 0x45531d 0x4552a8 0x455252 0x455252 0x455252 0x455252 0x455252 0x455252 0x45508a 0x4010e6 0x4291d4 0x453a01
0: 0 [1: 278528] @ 0x476dd5 0x47703e 0x45531d 0x4552a8 0x455252 0x455252 0x455252 0x455252 0x455252 0x455252 0x455252 0x455252 0x45508a 0x4010e6 0x4291d4 0x453a01
0: 0 [2: 262144] @ 0x476dd5 0x47703e 0x45531d 0x4552a8 0x455252 0x455252 0x455252 0x455252 0x455252 0x455252 0x45508a 0x4010e6 0x4291d4 0x453a01
0: 0 [1: 65536] @ 0x476dd5 0x47703e 0x45531d 0x4552a8 0x455252 0x455252 0x455252 0x455252 0x455252 0x455252 0x455252 0x455252 0x45508a 0x4010e6 0x4291d4 0x453a01
0: 0 [2: 8192] @ 0x462fbb 0x46314e 0x46466c 0x46307e 0x47733c 0x45512a 0x455252 0x455252 0x455252 0x455252 0x455252 0x455252 0x455252 0x455252 0x45508a 0x4010e6 0x4291d4 0x453a01
0: 0 [2: 2555904] @ 0x476dd5 0x47703e 0x45531d 0x4552a8 0x455252 0x455252 0x455252 0x455252 0x455252 0x455252 0x455252 0x45508a 0x4010e6 0x4291d4 0x453a01
0: 0 [1: 450560] @ 0x476dd5 0x47703e 0x45531d 0x4552a8 0x455252 0x455252 0x455252 0x455252 0x455252 0x455252 0x45508a 0x4010e6 0x4291d4 0x453a01
0: 0 [2: 704512] @ 0x476dd5 0x47703e 0x45531d 0x4552a8 0x455252 0x455252 0x455252 0x455252 0x455252 0x455252 0x455252 0x455252 0x45508a 0x4010e6 0x4291d4 0x453a01
0: 0 [4: 1769472] @ 0x476dd5 0x47703e 0x45531d 0x4552a8 0x455252 0x455252 0x455252 0x455252 0x455252 0x455252 0x455252 0x455252 0x45508a 0x4010e6 0x4291d4 0x453a01
0: 0 [3: 1400832] @ 0x476dd5 0x47703e 0x45531d 0x4552a8 0x455252 0x455252 0x455252 0x455252 0x455252 0x455252 0x455252 0x455252 0x45508a 0x4010e6 0x4291d4 0x453a01
0: 0 [1: 450560] @ 0x476dd5 0x47703e 0x45531d 0x4552a8 0x455252 0x455252 0x455252 0x455252 0x455252 0x455252 0x455252 0x455252 0x45508a 0x4010e6 0x4291d4 0x453a01
0: 0 [4: 1605632] @ 0x476dd5 0x47703e 0x45531d 0x4552a8 0x455252 0x455252 0x455252 0x455252 0x455252 0x455252 0x455252 0x455252 0x45508a 0x4010e6 0x4291d4 0x453a01
0: 0 [2: 1015808] @ 0x476dd5 0x47703e 0x45531d 0x4552a8 0x455252 0x455252 0x455252 0x455252 0x455252 0x455252 0x455252 0x455252 0x45508a 0x4010e6 0x4291d4 0x453a01
0: 0 [2: 2801664] @ 0x476dd5 0x47703e 0x45531d 0x4552a8 0x455252 0x455252 0x455252 0x455252 0x455252 0x455252 0x45508a 0x4010e6 0x4291d4 0x453a01
0: 0 [1: 1664] @ 0x462c1b 0x46314e 0x46466c 0x46307e 0x47733c 0x45512a 0x455252 0x455252 0x455252 0x455252 0x455252 0x455252 0x45508a 0x4010e6 0x4291d4 0x453a01
0: 0 [1: 81920] @ 0x476dd5 0x47703e 0x45531d 0x4552a8 0x455252 0x455252 0x455252 0x455252 0x455252 0x455252 0x455252 0x455252 0x45508a 0x4010e6 0x4291d4 0x453a01
0: 0 [1: 212992] @ 0x476dd5 0x47703e 0x45531d 0x4552a8 0x455252 0x455252 0x455252 0x455252 0x455252 0x455252 0x455252 0x455252 0x45508a 0x4010e6 0x4291d4 0x453a01
0: 0 [1: 6144] @ 0x476dd5 0x47703e 0x45531d 0x4552a8 0x455252 0x455252 0x455252 0x455252 0x455252 0x455252 0x455252 0x455252 0x45508a 0x4010e6 0x4291d4 0x453a01
0: 0 [2: 458752] @ 0x476dd5 0x47703e 0x45531d 0x4552a8 0x455252 0x455252 0x455252 0x455252 0x455252 0x455252 0x45508a 0x4010e6 0x4291d4 0x453a01
0: 0 [2: 1048576] @ 0x476dd5 0x47703e 0x45531d 0x4552a8 0x455252 0x455252 0x455252 0x455252 0x455252 0x455252 0x455252 0x455252 0x45508a 0x4010e6 0x4291d4 0x453a01
0: 0 [2: 1785856] @ 0x476dd5 0x47703e 0x45531d 0x4552a8 0x455252 0x455252 0x455252 0x455252 0x455252 0x455252 0x455252 0x455252 0x45508a 0x4010e6 0x4291d4 0x453a01
0: 0 [2: 1081344] @ 0x476dd5 0x47703e 0x45531d 0x4552a8 0x455252 0x455252 0x455252 0x455252 0x455252 0x455252 0x455252 0x455252 0x45508a 0x4010e6 0x4291d4 0x453a01
0: 0 [2: 1064960] @ 0x476dd5 0x47703e 0x45531d 0x4552a8 0x455252 0x455252 0x455252 0x455252 0x455252 0x455252 0x455252 0x45508a 0x4010e6 0x4291d4 0x453a01
0: 0 [2: 13762560] @ 0x476dd5 0x47703e 0x45531d 0x4552a8 0x455252 0x455252 0x455252 0x455252 0x455252 0x455252 0x455252 0x455252 0x45508a 0x4010e6 0x4291d4 0x453a01
0: 0 [2: 10141696] @ 0x476dd5 0x47703e 0x45531d 0x4552a8 0x455252 0x455252 0x455252 0x455252 0x455252 0x455252 0x455252 0x455252 0x45508a 0x4010e6 0x4291d4 0x453a01
0: 0 [2: 12861440] @ 0x476dd5 0x47703e 0x45531d 0x4552a8 0x455252 0x455252 0x455252 0x455252 0x455252 0x455252 0x455252 0x455252 0x45508a 0x4010e6 0x4291d4 0x453a01
0: 0 [2: 9699328] @ 0x476dd5 0x47703e 0x45531d 0x4552a8 0x455252 0x455252 0x455252 0x455252 0x455252 0x455252 0x455252 0x455252 0x45508a 0x4010e6 0x4291d4 0x453a01
0: 0 [2: 671744] @ 0x476dd5 0x47703e 0x45531d 0x4552a8 0x455252 0x455252 0x455252 0x455252 0x455252 0x455252 0x455252 0x455252 0x45508a 0x4010e6 0x4291d4 0x453a01
0: 0 [4: 2326528] @ 0x476dd5 0x47703e 0x45531d 0x4552a8 0x455252 0x455252 0x455252 0x455252 0x455252 0x455252 0x455252 0x455252 0x45508a 0x4010e6 0x4291d4 0x453a01
0: 0 [2: 10076160] @ 0x476dd5 0x47703e 0x45531d 0x4552a8 0x455252 0x455252 0x455252 0x455252 0x455252 0x455252 0x45508a 0x4010e6 0x4291d4 0x453a01
0: 0 [1: 237568] @ 0x476dd5 0x47703e 0x45531d 0x4552a8 0x455252 0x455252 0x455252 0x455252 0x455252 0x455252 0x455252 0x45508a 0x4010e6 0x4291d4 0x453a01
0: 0 [2: 1048576] @ 0x476dd5 0x47703e 0x45531d 0x4552a8 0x455252 0x455252 0x455252 0x455252 0x455252 0x455252 0x455252 0x45508a 0x4010e6 0x4291d4 0x453a01
0: 0 [4: 1114112] @ 0x476dd5 0x47703e 0x45531d 0x4552a8 0x455252 0x455252 0x455252 0x455252 0x455252 0x455252 0x455252 0x45508a 0x4010e6 0x4291d4 0x453a01
0: 0 [2: 1785856] @ 0x476dd5 0x47703e 0x45531d 0x4552a8 0x455252 0x455252 0x455252 0x455252 0x455252 0x455252 0x455252 0x45508a 0x4010e6 0x4291d4 0x453a01
0: 0 [2: 1081344] @ 0x476dd5 0x47703e 0x45531d 0x4552a8 0x455252 0x455252 0x455252 0x455252 0x455252 0x455252 0x455252 0x45508a 0x4010e6 0x4291d4 0x453a01
0: 0 [2: 868352] @ 0x476dd5 0x47703e 0x45531d 0x4552a8 0x455252 0x455252 0x455252 0x455252 0x455252 0x455252 0x455252 0x45508a 0x4010e6 0x4291d4 0x453a01
0: 0 [1: 131072] @ 0x476dd5 0x47703e 0x45531d 0x4552a8 0x455252 0x455252 0x455252 0x455252 0x455252 0x455252 0x455252 0x45508a 0x4010e6 0x4291d4 0x453a01
0: 0 [1: 98304] @ 0x476dd5 0x47703e 0x45531d 0x4552a8 0x455252 0x455252 0x455252 0x455252 0x455252 0x455252 0x455252 0x45508a 0x4010e6 0x4291d4 0x453a01
0: 0 [1: 155648] @ 0x476dd5 0x47703e 0x45531d 0x4552a8 0x455252 0x455252 0x455252 0x455252 0x455252 0x455252 0x455252 0x45508a 0x4010e6 0x4291d4 0x453a01
0: 0 [1: 49152] @ 0x476dd5 0x47703e 0x45531d 0x4552a8 0x455252 0x455252 0x455252 0x455252 0x455252 0x455252 0x455252 0x45508a 0x4010e6 0x4291d4 0x453a01
0: 0 [2: 13762560] @ 0x476dd5 0x47703e 0x45531d 0x4552a8 0x455252 0x455252 0x455252 0x455252 0x455252 0x455252 0x455252 0x45508a 0x4010e6 0x4291d4 0x453a01
0: 0 [2: 10141696] @ 0x476dd5 0x47703e 0x45531d 0x4552a8 0x455252 0x455252 0x455252 0x455252 0x455252 0x455252 0x455252 0x45508a 0x4010e6 0x4291d4 0x453a01
0: 0 [1: 270336] @ 0x476dd5 0x47703e 0x45531d 0x4552a8 0x455252 0x455252 0x455252 0x455252 0x455252 0x455252 0x455252 0x45508a 0x4010e6 0x4291d4 0x453a01
0: 0 [2: 2555904] @ 0x476dd5 0x47703e 0x45531d 0x4552a8 0x455252 0x455252 0x455252 0x455252 0x455252 0x455252 0x45508a 0x4010e6 0x4291d4 0x453a01
0: 0 [2: 1081344] @ 0x476dd5 0x47703e 0x45531d 0x4552a8 0x455252 0x455252 0x455252 0x455252 0x455252 0x455252 0x45508a 0x4010e6 0x4291d4 0x453a01
0: 0 [2: 868352] @ 0x476dd5 0x47703e 0x45531d 0x4552a8 0x455252 0x455252 0x455252 0x455252 0x455252 0x455252 0x45508a 0x4010e6 0x4291d4 0x453a01
0: 0 [3: 147456] @ 0x476dd5 0x47703e 0x45531d 0x4552a8 0x455252 0x455252 0x455252 0x455252 0x455252 0x455252 0x45508a 0x4010e6 0x4291d4 0x453a01
0: 0 [1: 81920] @ 0x476dd5 0x47703e 0x45531d 0x4552a8 0x455252 0x455252 0x455252 0x455252 0x455252 0x455252 0x45508a 0x4010e6 0x4291d4 0x453a01
0: 0 [2: 10141696] @ 0x476dd5 0x47703e 0x45531d 0x4552a8 0x455252 0x455252 0x455252 0x455252 0x455252 0x455252 0x45508a 0x4010e6 0x4291d4 0x453a01
0: 0 [2: 1163264] @ 0x476dd5 0x47703e 0x45531d 0x4552a8 0x455252 0x455252 0x455252 0x455252 0x455252 0x455252 0x45508a 0x4010e6 0x4291d4 0x453a01
0: 0 [1: 20480] @ 0x476dd5 0x47703e 0x45531d 0x4552a8 0x455252 0x455252 0x455252 0x455252 0x455252 0x455252 0x45508a 0x4010e6 0x4291d4 0x453a01
0: 0 [1: 122880] @ 0x476dd5 0x47703e 0x45531d 0x4552a8 0x455252 0x455252 0x455252 0x455252 0x455252 0x455252 0x45508a 0x4010e6 0x4291d4 0x453a01
0: 0 [6: 19316736] @ 0x476dd5 0x47703e 0x45531d 0x4552a8 0x455252 0x455252 0x455252 0x455252 0x455252 0x455252 0x45508a 0x4010e6 0x4291d4 0x453a01
0: 0 [4: 262144] @ 0x476dd5 0x47703e 0x45531d 0x4552a8 0x455252 0x455252 0x455252 0x455252 0x455252 0x455252 0x45508a 0x4010e6 0x4291d4 0x453a01
0: 0 [3: 4816896] @ 0x476dd5 0x47703e 0x45531d 0x4552a8 0x455252 0x455252 0x455252 0x455252 0x455252 0x45508a 0x4010e6 0x4291d4 0x453a01
0: 0 [1: 35250176] @ 0x476dd5 0x47703e 0x45531d 0x4552a8 0x455252 0x45508a 0x4010e6 0x4291d4 0x453a01
0: 0 [1: 9863168] @ 0x476dd5 0x47703e 0x45531d 0x4552a8 0x455252 0x45508a 0x4010e6 0x4291d4 0x453a01
0: 0 [1: 13303808] @ 0x476dd5 0x47703e 0x45531d 0x4552a8 0x455252 0x45508a 0x4010e6 0x4291d4 0x453a01
0: 0 [1: 11927552] @ 0x476dd5 0x47703e 0x45531d 0x4552a8 0x455252 0x45508a 0x4010e6 0x4291d4 0x453a01
0: 0 [1: 21569536] @ 0x476dd5 0x47703e 0x45531d 0x4552a8 0x455252 0x45508a 0x4010e6 0x4291d4 0x453a01
0: 0 [1: 20660224] @ 0x476dd5 0x47703e 0x45531d 0x4552a8 0x455252 0x45508a 0x4010e6 0x4291d4 0x453a01
0: 0 [1: 8126464] @ 0x476dd5 0x47703e 0x45531d 0x4552a8 0x455252 0x45508a 0x4010e6 0x4291d4 0x453a01
0: 0 [1: 16441344] @ 0x476dd5 0x47703e 0x45531d 0x4552a8 0x455252 0x45508a 0x4010e6 0x4291d4 0x453a01
0: 0 [1: 212992] @ 0x476dd5 0x47703e 0x45531d 0x4552a8 0x455252 0x45508a 0x4010e6 0x4291d4 0x453a01
0: 0 [1: 8650752] @ 0x476dd5 0x47703e 0x45531d 0x4552a8 0x455252 0x45508a 0x4010e6 0x4291d4 0x453a01
0: 0 [1: 7405568] @ 0x476dd5 0x47703e 0x45531d 0x4552a8 0x455252 0x45508a 0x4010e6 0x4291d4 0x453a01
0: 0 [1: 46768128] @ 0x476dd5 0x47703e 0x45531d 0x4552a8 0x455252 0x455252 0x45508a 0x4010e6 0x4291d4 0x453a01
0: 0 [1: 655360] @ 0x476dd5 0x47703e 0x45531d 0x4552a8 0x455252 0x455252 0x45508a 0x4010e6 0x4291d4 0x453a01
0: 0 [1: 144] @ 0x43d981 0x43d457 0x43d6e7 0x464754 0x46307e 0x47733c 0x45512a 0x455252 0x455252 0x455252 0x455252 0x45508a 0x4010e6 0x4291d4 0x453a01
0: 0 [1: 3915776] @ 0x476dd5 0x47703e 0x45531d 0x4552a8 0x455252 0x455252 0x45508a 0x4010e6 0x4291d4 0x453a01
0: 0 [1: 2147483648] @ 0x4988b7 0x4987f9 0x476e67 0x47703e 0x45531d 0x4552a8 0x455252 0x455252 0x45508a 0x4010e6 0x4291d4 0x453a01
0: 0 [1: 1073741824] @ 0x4988b7 0x4987f9 0x476e67 0x47703e 0x45531d 0x4552a8 0x455252 0x455252 0x45508a 0x4010e6 0x4291d4 0x453a01
0: 0 [1: 536870912] @ 0x4988b7 0x4987f9 0x476e67 0x47703e 0x45531d 0x4552a8 0x455252 0x455252 0x45508a 0x4010e6 0x4291d4 0x453a01
0: 0 [1: 268435456] @ 0x4988b7 0x4987f9 0x476e67 0x47703e 0x45531d 0x4552a8 0x455252 0x455252 0x45508a 0x4010e6 0x4291d4 0x453a01
0: 0 [1: 134217728] @ 0x4988b7 0x4987f9 0x476e67 0x47703e 0x45531d 0x4552a8 0x455252 0x455252 0x45508a 0x4010e6 0x4291d4 0x453a01
0: 0 [1: 67108864] @ 0x4988b7 0x4987f9 0x476e67 0x47703e 0x45531d 0x4552a8 0x455252 0x455252 0x45508a 0x4010e6 0x4291d4 0x453a01
0: 0 [1: 33554432] @ 0x4988b7 0x4987f9 0x476e67 0x47703e 0x45531d 0x4552a8 0x455252 0x455252 0x45508a 0x4010e6 0x4291d4 0x453a01
0: 0 [1: 16777216] @ 0x4988b7 0x4987f9 0x476e67 0x47703e 0x45531d 0x4552a8 0x455252 0x455252 0x45508a 0x4010e6 0x4291d4 0x453a01
0: 0 [1: 8388608] @ 0x4988b7 0x4987f9 0x476e67 0x47703e 0x45531d 0x4552a8 0x455252 0x455252 0x45508a 0x4010e6 0x4291d4 0x453a01
0: 0 [1: 4194304] @ 0x4988b7 0x4987f9 0x476e67 0x47703e 0x45531d 0x4552a8 0x455252 0x455252 0x45508a 0x4010e6 0x4291d4 0x453a01
0: 0 [1: 2097152] @ 0x4988b7 0x4987f9 0x476e67 0x47703e 0x45531d 0x4552a8 0x455252 0x455252 0x45508a 0x4010e6 0x4291d4 0x453a01
0: 0 [1: 1048576] @ 0x4988b7 0x4987f9 0x476e67 0x47703e 0x45531d 0x4552a8 0x455252 0x455252 0x45508a 0x4010e6 0x4291d4 0x453a01
0: 0 [1: 524288] @ 0x4988b7 0x4987f9 0x476e67 0x47703e 0x45531d 0x4552a8 0x455252 0x455252 0x45508a 0x4010e6 0x4291d4 0x453a01
0: 0 [1: 262144] @ 0x4988b7 0x4987f9 0x476e67 0x47703e 0x45531d 0x4552a8 0x455252 0x455252 0x45508a 0x4010e6 0x4291d4 0x453a01
0: 0 [1: 208] @ 0x46423f 0x477003 0x45531d 0x4552a8 0x455252 0x455252 0x455252 0x455252 0x455252 0x455252 0x45508a 0x4010e6 0x4291d4 0x453a01
0: 0 [1: 2048] @ 0x476dd5 0x47703e 0x45531d 0x4552a8 0x455252 0x455252 0x455252 0x455252 0x455252 0x455252 0x45508a 0x4010e6 0x4291d4 0x453a01
0: 0 [1: 303104] @ 0x476dd5 0x47703e 0x45531d 0x4552a8 0x455252 0x455252 0x455252 0x455252 0x455252 0x455252 0x45508a 0x4010e6 0x4291d4 0x453a01
0: 0 [1: 16640] @ 0x476dd5 0x47703e 0x45531d 0x4552a8 0x455252 0x455252 0x455252 0x455252 0x455252 0x455252 0x455252 0x455252 0x45508a 0x4010e6 0x4291d4 0x453a01
0: 0 [1: 896] @ 0x476dd5 0x47703e 0x45531d 0x4552a8 0x455252 0x455252 0x455252 0x455252 0x455252 0x45508a 0x4010e6 0x4291d4 0x453a01
0: 0 [4: 1114112] @ 0x476dd5 0x47703e 0x45531d 0x4552a8 0x455252 0x455252 0x455252 0x455252 0x455252 0x455252 0x45508a 0x4010e6 0x4291d4 0x453a01
0: 0 [3: 12288] @ 0x462fbb 0x46314e 0x46466c 0x46307e 0x47733c 0x45512a 0x455252 0x455252 0x455252 0x455252 0x455252 0x455252 0x45508a 0x4010e6 0x4291d4 0x453a01
0: 0 [5: 778240] @ 0x476dd5 0x47703e 0x45531d 0x4552a8 0x455252 0x455252 0x455252 0x455252 0x455252 0x455252 0x45508a 0x4010e6 0x4291d4 0x453a01
0: 0 [5: 286720] @ 0x476dd5 0x47703e 0x45531d 0x4552a8 0x455252 0x455252 0x455252 0x455252 0x455252 0x455252 0x45508a 0x4010e6 0x4291d4 0x453a01
0: 0 [7: 7970816] @ 0x476dd5 0x47703e 0x45531d 0x4552a8 0x455252 0x455252 0x455252 0x455252 0x455252 0x455252 0x45508a 0x4010e6 0x4291d4 0x453a01
0: 0 [7: 7856128] @ 0x476dd5 0x47703e 0x45531d 0x4552a8 0x455252 0x455252 0x455252 0x455252 0x455252 0x455252 0x45508a 0x4010e6 0x4291d4 0x453a01
0: 0 [4: 1015808] @ 0x476dd5 0x47703e 0x45531d 0x4552a8 0x455252 0x455252 0x455252 0x455252 0x455252 0x455252 0x45508a 0x4010e6 0x4291d4 0x453a01
0: 0 [1: 16384] @ 0x476dd5 0x47703e 0x45531d 0x4552a8 0x455252 0x455252 0x455252 0x455252 0x455252 0x455252 0x455252 0x455252 0x45508a 0x4010e6 0x4291d4 0x453a01
0: 0 [15: 15851520] @ 0x476dd5 0x47703e 0x45531d 0x4552a8 0x455252 0x455252 0x455252 0x455252 0x455252 0x455252 0x45508a 0x4010e6 0x4291d4 0x453a01
0: 0 [9: 28385280] @ 0x476dd5 0x47703e 0x45531d 0x4552a8 0x455252 0x455252 0x455252 0x455252 0x455252 0x455252 0x45508a 0x4010e6 0x4291d4 0x453a01
0: 0 [8: 786432] @ 0x476dd5 0x47703e 0x45531d 0x4552a8 0x455252 0x455252 0x455252 0x455252 0x455252 0x455252 0x45508a 0x4010e6 0x4291d4 0x453a01
0: 0 [1: 2304] @ 0x476dd5 0x47703e 0x45531d 0x4552a8 0x455252 0x455252 0x455252 0x455252 0x455252 0x455252 0x45508a 0x4010e6 0x4291d4 0x453a01
0: 0 [2: 8192] @ 0x462fbb 0x46314e 0x46466c 0x46307e 0x47733c 0x45512a 0x455252 0x455252 0x455252 0x455252 0x455252 0x45508a 0x4010e6 0x4291d4 0x453a01
0: 0 [1: 1664] @ 0x462c1b 0x46314e 0x46466c 0x46307e 0x47733c 0x45512a 0x455252 0x455252 0x455252 0x455252 0x45508a 0x4010e6 0x4291d4 0x453a01
0: 0 [1: 56426496] @ 0x476dd5 0x47703e 0x45531d 0x4552a8 0x455252 0x45508a 0x4010e6 0x4291d4 0x453a01
0: 0 [1: 92110848] @ 0x476dd5 0x47703e 0x45531d 0x4552a8 0x455252 0x45508a 0x4010e6 0x4291d4 0x453a01
0: 0 [1: 15368192] @ 0x476dd5 0x47703e 0x45531d 0x4552a8 0x455252 0x455252 0x45508a 0x4010e6 0x4291d4 0x453a01
0: 0 [1: 18038784] @ 0x476dd5 0x47703e 0x45531d 0x4552a8 0x455252 0x455252 0x45508a 0x4010e6 0x4291d4 0x453a01
0: 0 [1: 47587328] @ 0x476dd5 0x47703e 0x45531d 0x4552a8 0x455252 0x455252 0x45508a 0x4010e6 0x4291d4 0x453a01
0: 0 [1: 37404672] @ 0x476dd5 0x47703e 0x45531d 0x4552a8 0x455252 0x455252 0x45508a 0x4010e6 0x4291d4 0x453a01
0: 0 [1: 45867008] @ 0x476dd5 0x47703e 0x45531d 0x4552a8 0x455252 0x455252 0x45508a 0x4010e6 0x4291d4 0x453a01
0: 0 [1: 36257792] @ 0x476dd5 0x47703e 0x45531d 0x4552a8 0x455252 0x455252 0x45508a 0x4010e6 0x4291d4 0x453a01
0: 0 [1: 3514368] @ 0x476dd5 0x47703e 0x45531d 0x4552a8 0x455252 0x455252 0x45508a 0x4010e6 0x4291d4 0x453a01
0: 0 [1: 4587520] @ 0x476dd5 0x47703e 0x45531d 0x4552a8 0x455252 0x45508a 0x4010e6 0x4291d4 0x453a01
0: 0 [1: 13254656] @ 0x476dd5 0x47703e 0x45531d 0x4552a8 0x455252 0x45508a 0x4010e6 0x4291d4 0x453a01
0: 0 [1: 5300224] @ 0x476dd5 0x47703e 0x45531d 0x4552a8 0x455252 0x45508a 0x4010e6 0x4291d4 0x453a01
0: 0 [1: 7569408] @ 0x476dd5 0x47703e 0x45531d 0x4552a8 0x455252 0x45508a 0x4010e6 0x4291d4 0x453a01
0: 0 [1: 4259840] @ 0x476dd5 0x47703e 0x45531d 0x4552a8 0x455252 0x45508a 0x4010e6 0x4291d4 0x453a01
0: 0 [1: 40960] @ 0x476dd5 0x47703e 0x45531d 0x4552a8 0x455252 0x455252 0x45508a 0x4010e6 0x4291d4 0x453a01
0: 0 [1: 4096] @ 0x476dd5 0x47703e 0x45531d 0x4552a8 0x455252 0x455252 0x45508a 0x4010e6 0x4291d4 0x453a01
0: 0 [1: 6152192] @ 0x476dd5 0x47703e 0x45531d 0x4552a8 0x455252 0x455252 0x45508a 0x4010e6 0x4291d4 0x453a01
0: 0 [1: 4710400] @ 0x476dd5 0x47703e 0x45531d 0x4552a8 0x455252 0x455252 0x45508a 0x4010e6 0x4291d4 0x453a01
0: 0 [1: 4218880] @ 0x476dd5 0x47703e 0x45531d 0x4552a8 0x455252 0x455252 0x45508a 0x4010e6 0x4291d4 0x453a01
0: 0 [1: 3989504] @ 0x476dd5 0x47703e 0x45531d 0x4552a8 0x455252 0x45508a 0x4010e6 0x4291d4 0x453a01
0: 0 [1: 3866624] @ 0x476dd5 0x47703e 0x45531d 0x4552a8 0x455252 0x45508a 0x4010e6 0x4291d4 0x453a01
0: 0 [1: 14032896] @ 0x476dd5 0x47703e 0x45531d 0x4552a8 0x455252 0x45508a 0x4010e6 0x4291d4 0x453a01
0: 0 [1: 368640] @ 0x476dd5 0x47703e 0x45531d 0x4552a8 0x455252 0x45508a 0x4010e6 0x4291d4 0x453a01
0: 0 [1: 8675328] @ 0x476dd5 0x47703e 0x45531d 0x4552a8 0x455252 0x45508a 0x4010e6 0x4291d4 0x453a01
0: 0 [1: 5398528] @ 0x476dd5 0x47703e 0x45531d 0x4552a8 0x455252 0x45508a 0x4010e6 0x4291d4 0x453a01
0: 0 [1: 51544064] @ 0x476dd5 0x47703e 0x45531d 0x4552a8 0x455252 0x45508a 0x4010e6 0x4291d4 0x453a01
0: 0 [1: 6692864] @ 0x476dd5 0x47703e 0x45531d 0x4552a8 0x455252 0x45508a 0x4010e6 0x4291d4 0x453a01
0: 0 [1: 1499136] @ 0x476dd5 0x47703e 0x45531d 0x4552a8 0x455252 0x455252 0x45508a 0x4010e6 0x4291d4 0x453a01
0: 0 [1: 9527296] @ 0x476dd5 0x47703e 0x45531d 0x4552a8 0x455252 0x455252 0x45508a 0x4010e6 0x4291d4 0x453a01
0: 0 [1: 5971968] @ 0x476dd5 0x47703e 0x45531d 0x4552a8 0x455252 0x455252 0x45508a 0x4010e6 0x4291d4 0x453a01
0: 0 [1: 4907008] @ 0x476dd5 0x47703e 0x45531d 0x4552a8 0x455252 0x455252 0x45508a 0x4010e6 0x4291d4 0x453a01
0: 0 [1: 5808128] @ 0x476dd5 0x47703e 0x45531d 0x4552a8 0x455252 0x45508a 0x4010e6 0x4291d4 0x453a01
0: 0 [1: 1310720] @ 0x476dd5 0x47703e 0x45531d 0x4552a8 0x455252 0x45508a 0x4010e6 0x4291d4 0x453a01
0: 0 [1: 1810432] @ 0x476dd5 0x47703e 0x45531d 0x4552a8 0x455252 0x45508a 0x4010e6 0x4291d4 0x453a01
0: 0 [1: 876544] @ 0x476dd5 0x47703e 0x45531d 0x4552a8 0x455252 0x45508a 0x4010e6 0x4291d4 0x453a01
0: 0 [1: 7028736] @ 0x476dd5 0x47703e 0x45531d 0x4552a8 0x455252 0x45508a 0x4010e6 0x4291d4 0x453a01
0: 0 [1: 1605632] @ 0x476dd5 0x47703e 0x45531d 0x4552a8 0x455252 0x45508a 0x4010e6 0x4291d4 0x453a01
0: 0 [1: 2744320] @ 0x476dd5 0x47703e 0x45531d 0x4552a8 0x455252 0x45508a 0x4010e6 0x4291d4 0x453a01
0: 0 [1: 598016] @ 0x476dd5 0x47703e 0x45531d 0x4552a8 0x455252 0x45508a 0x4010e6 0x4291d4 0x453a01
0: 0 [1: 7258112] @ 0x476dd5 0x47703e 0x45531d 0x4552a8 0x455252 0x45508a 0x4010e6 0x4291d4 0x453a01
0: 0 [1: 1204224] @ 0x476dd5 0x47703e 0x45531d 0x4552a8 0x455252 0x45508a 0x4010e6 0x4291d4 0x453a01
0: 0 [1: 65536] @ 0x476dd5 0x47703e 0x45531d 0x4552a8 0x455252 0x455252 0x455252 0x45508a 0x4010e6 0x4291d4 0x453a01
0: 0 [1: 90112] @ 0x476dd5 0x47703e 0x45531d 0x4552a8 0x455252 0x455252 0x455252 0x45508a 0x4010e6 0x4291d4 0x453a01
0: 0 [1: 19038208] @ 0x476dd5 0x47703e 0x45531d 0x4552a8 0x455252 0x45508a 0x4010e6 0x4291d4 0x453a01
0: 0 [1: 95952896] @ 0x476dd5 0x47703e 0x45531d 0x4552a8 0x455252 0x45508a 0x4010e6 0x4291d4 0x453a01
0: 0 [1: 1564672] @ 0x476dd5 0x47703e 0x45531d 0x4552a8 0x455252 0x45508a 0x4010e6 0x4291d4 0x453a01
0: 0 [1: 42115072] @ 0x476dd5 0x47703e 0x45531d 0x4552a8 0x455252 0x45508a 0x4010e6 0x4291d4 0x453a01
0: 0 [1: 17080320] @ 0x476dd5 0x47703e 0x45531d 0x4552a8 0x455252 0x45508a 0x4010e6 0x4291d4 0x453a01
0: 0 [1: 1835008] @ 0x476dd5 0x47703e 0x45531d 0x4552a8 0x455252 0x455252 0x45508a 0x4010e6 0x4291d4 0x453a01
0: 0 [1: 1064960] @ 0x476dd5 0x47703e 0x45531d 0x4552a8 0x455252 0x455252 0x45508a 0x4010e6 0x4291d4 0x453a01
0: 0 [1: 679936] @ 0x476dd5 0x47703e 0x45531d 0x4552a8 0x455252 0x455252 0x45508a 0x4010e6 0x4291d4 0x453a01
0: 0 [1: 876544] @ 0x476dd5 0x47703e 0x45531d 0x4552a8 0x45508a 0x4010e6 0x4291d4 0x453a01
0: 0 [1: 20430848] @ 0x476dd5 0x47703e 0x45531d 0x4552a8 0x455252 0x45508a 0x4010e6 0x4291d4 0x453a01
0: 0 [1: 47529984] @ 0x476dd5 0x47703e 0x45531d 0x4552a8 0x455252 0x45508a 0x4010e6 0x4291d4 0x453a01
0: 0 [1: 23519232] @ 0x476dd5 0x47703e 0x45531d 0x4552a8 0x455252 0x45508a 0x4010e6 0x4291d4 0x453a01
0: 0 [1: 1384448] @ 0x476dd5 0x47703e 0x45531d 0x4552a8 0x455252 0x45508a 0x4010e6 0x4291d4 0x453a01
0: 0 [1: 18300928] @ 0x476dd5 0x47703e 0x45531d 0x4552a8 0x455252 0x45508a 0x4010e6 0x4291d4 0x453a01
0: 0 [1: 8896512] @ 0x476dd5 0x47703e 0x45531d 0x4552a8 0x455252 0x45508a 0x4010e6 0x4291d4 0x453a01
0: 0 [1: 20881408] @ 0x476dd5 0x47703e 0x45531d 0x4552a8 0x455252 0x45508a 0x4010e6 0x4291d4 0x453a01

# runtime.MemStats
# Alloc = 20608504
# TotalAlloc = 6397763384
# Sys = 4502223096
# Lookups = 8611
# Mallocs = 62824
# Frees = 54398
# HeapAlloc = 20608504
# HeapSys = 4358406144
# HeapIdle = 4337074176
# HeapInuse = 21331968
# HeapReleased = 0
# HeapObjects = 8426
# Stack = 327680 / 327680
# MSpan = 36800 / 65536
# MCache = 4800 / 16384
# BuckHashSys = 1509999
# NextGC = 21516272
# PauseNs = [457665 244846 219189 209476 230118 234181 251594 254821 238373 218760 47401 247518 239455 32861 217520 219495 54187 227565 238005 216514 231436 45548 260049 242373 213270 229948 214754 51034 265108 248313 228996 229316 220864 47542 36016 39496 228409 324512 39908 199152 45477 223186 39647 44627 329027 192653 35582 207954 223141 242786 242688 254882 250322 79585 62455 36677 38051 246530 224661 47964 260478 221056 36439 279901 241540 278110 310876 291429 236798 391189 236191 234947 270809 269387 36198 64899 263877 50218 206527 43100 105842 305328 391970 222216 95801 97614 37345 256771 48544 257490 308727 226140 243686 42891 40869 223090 242682 89409 225748 223059 295089 238177 231911 237962 227288 239352 243693 311474 59803 38375 44698 299934 46650 237244 49478 48939 241786 51708 237141 80474 47385 69879 57681 80497 334189 51255 54391 243211 231360 258545 84719 65811 110913 285430 3750204 119808 218168 52054 51347 312914 278682 239952 255990 248655 247325 251674 267681 315596 59257 209637 50315 536718 226107 250846 341051 255322 236498 286962 43888 55100 226026 42929 46105 272849 248311 48790 240559 237119 317634 58095 277236 248156 284263 328031 227685 54853 123823 246273 471210 256254 67734 0 0 0 0 0 0 0 0 0 0 0 0 0 0 0 0 0 0 0 0 0 0 0 0 0 0 0 0 0 0 0 0 0 0 0 0 0 0 0 0 0 0 0 0 0 0 0 0 0 0 0 0 0 0 0 0 0 0 0 0 0 0 0 0 0 0 0 0 0 0 0 0 0 0 0]
# NumGC = 181
# DebugGC = false
